[debug] [2025-09-15T13:32:04.325Z] ----------------------------------------------------------------------
[debug] [2025-09-15T13:32:04.333Z] Command:       /home/janath/.nvm/versions/node/v22.19.0/bin/node /home/janath/.nvm/versions/node/v22.19.0/bin/firebase deploy
[debug] [2025-09-15T13:32:04.334Z] CLI Version:   14.16.0
[debug] [2025-09-15T13:32:04.335Z] Platform:      linux
[debug] [2025-09-15T13:32:04.335Z] Node Version:  v22.19.0
[debug] [2025-09-15T13:32:04.336Z] Time:          Mon Sep 15 2025 19:02:04 GMT+0530 (India Standard Time)
[debug] [2025-09-15T13:32:04.336Z] ----------------------------------------------------------------------
[debug] 
[debug] [2025-09-15T13:32:04.340Z] >>> [apiv2][query] GET https://firebase-public.firebaseio.com/cli.json [none]
[debug] [2025-09-15T13:32:04.852Z] > command requires scopes: ["email","openid","https://www.googleapis.com/auth/cloudplatformprojects.readonly","https://www.googleapis.com/auth/firebase","https://www.googleapis.com/auth/cloud-platform"]
[debug] [2025-09-15T13:32:04.852Z] > authorizing via signed-in user (janathmaduranga613@gmail.com)
[debug] [2025-09-15T13:32:04.853Z] [iam] checking project mahajana-bakery for permissions ["datastore.indexes.create","datastore.indexes.delete","datastore.indexes.list","datastore.indexes.update","firebase.projects.get","firebasehosting.sites.update"]
[debug] [2025-09-15T13:32:04.854Z] Checked if tokens are valid: false, expires at: 1757827983691
[debug] [2025-09-15T13:32:04.854Z] Checked if tokens are valid: false, expires at: 1757827983691
[debug] [2025-09-15T13:32:04.854Z] > refreshing access token with scopes: []
[debug] [2025-09-15T13:32:04.856Z] >>> [apiv2][query] POST https://www.googleapis.com/oauth2/v3/token [none]
[debug] [2025-09-15T13:32:04.856Z] >>> [apiv2][body] POST https://www.googleapis.com/oauth2/v3/token [omitted]
[debug] [2025-09-15T13:32:05.320Z] <<< [apiv2][status] POST https://www.googleapis.com/oauth2/v3/token 200
[debug] [2025-09-15T13:32:05.322Z] <<< [apiv2][body] POST https://www.googleapis.com/oauth2/v3/token [omitted]
[debug] [2025-09-15T13:32:05.355Z] >>> [apiv2][query] POST https://cloudresourcemanager.googleapis.com/v1/projects/mahajana-bakery:testIamPermissions [none]
[debug] [2025-09-15T13:32:05.356Z] >>> [apiv2][(partial)header] POST https://cloudresourcemanager.googleapis.com/v1/projects/mahajana-bakery:testIamPermissions x-goog-quota-user=projects/mahajana-bakery
[debug] [2025-09-15T13:32:05.360Z] >>> [apiv2][body] POST https://cloudresourcemanager.googleapis.com/v1/projects/mahajana-bakery:testIamPermissions {"permissions":["datastore.indexes.create","datastore.indexes.delete","datastore.indexes.list","datastore.indexes.update","firebase.projects.get","firebasehosting.sites.update"]}
[debug] [2025-09-15T13:32:05.654Z] <<< [apiv2][status] GET https://firebase-public.firebaseio.com/cli.json 200
[debug] [2025-09-15T13:32:05.654Z] <<< [apiv2][body] GET https://firebase-public.firebaseio.com/cli.json {"cloudBuildErrorAfter":1594252800000,"cloudBuildWarnAfter":1590019200000,"defaultNode10After":1594252800000,"minVersion":"3.0.5","node8DeploysDisabledAfter":1613390400000,"node8RuntimeDisabledAfter":1615809600000,"node8WarnAfter":1600128000000}
[debug] [2025-09-15T13:32:07.176Z] <<< [apiv2][status] POST https://cloudresourcemanager.googleapis.com/v1/projects/mahajana-bakery:testIamPermissions 200
[debug] [2025-09-15T13:32:07.177Z] <<< [apiv2][body] POST https://cloudresourcemanager.googleapis.com/v1/projects/mahajana-bakery:testIamPermissions {}
[debug] [2025-09-15T13:32:07.177Z] [iam] error while checking permissions, command may fail: Authorization failed. This account is missing the following required permissions on project mahajana-bakery:

  datastore.indexes.create
  datastore.indexes.delete
  datastore.indexes.list
  datastore.indexes.update
  firebase.projects.get
  firebasehosting.sites.update
[debug] [2025-09-15T13:32:07.180Z] Checked if tokens are valid: true, expires at: 1757946724323
[debug] [2025-09-15T13:32:07.181Z] Checked if tokens are valid: true, expires at: 1757946724323
[debug] [2025-09-15T13:32:07.182Z] >>> [apiv2][query] GET https://firebase.googleapis.com/v1beta1/projects/mahajana-bakery [none]
[debug] [2025-09-15T13:32:07.882Z] <<< [apiv2][status] GET https://firebase.googleapis.com/v1beta1/projects/mahajana-bakery 403
[debug] [2025-09-15T13:32:07.883Z] <<< [apiv2][body] GET https://firebase.googleapis.com/v1beta1/projects/mahajana-bakery {"error":{"code":403,"message":"The caller does not have permission","status":"PERMISSION_DENIED"}}
[debug] [2025-09-15T13:32:07.884Z] Request to https://firebase.googleapis.com/v1beta1/projects/mahajana-bakery had HTTP Error: 403, The caller does not have permission
[debug] [2025-09-15T13:32:08.215Z] FirebaseError: Request to https://firebase.googleapis.com/v1beta1/projects/mahajana-bakery had HTTP Error: 403, The caller does not have permission
    at responseToError (/home/janath/.nvm/versions/node/v22.19.0/lib/node_modules/firebase-tools/lib/responseToError.js:52:12)
    at RetryOperation._fn (/home/janath/.nvm/versions/node/v22.19.0/lib/node_modules/firebase-tools/lib/apiv2.js:312:77)
    at process.processTicksAndRejections (node:internal/process/task_queues:105:5)
[error] 
[error] Error: Failed to get Firebase project mahajana-bakery. Please make sure the project exists and your account has permission to access it.
